<?xml version="1.0" encoding="UTF-8"?>
<testng-results ignored="0" total="1" passed="1" failed="0" skipped="0">
  <reporter-output>
  </reporter-output>
  <suite started-at="2019-07-28T10:50:23Z" name="Default suite" finished-at="2019-07-28T10:51:28Z" duration-ms="64979">
    <groups>
    </groups>
    <test started-at="2019-07-28T10:50:23Z" name="Default test" finished-at="2019-07-28T10:51:28Z" duration-ms="64979">
      <class name="Nationality.selegrid">
        <test-method is-config="true" signature="setUp()[pri:0, instance:Nationality.selegrid@5939a379]" started-at="2019-07-28T10:50:23Z" name="setUp" finished-at="2019-07-28T10:51:15Z" duration-ms="51885" status="PASS">
          <reporter-output>
          </reporter-output>
        </test-method> <!-- setUp -->
        <test-method signature="simpleTest()[pri:0, instance:Nationality.selegrid@5939a379]" started-at="2019-07-28T10:51:15Z" name="simpleTest" finished-at="2019-07-28T10:51:25Z" duration-ms="9818" status="PASS">
          <reporter-output>
          </reporter-output>
        </test-method> <!-- simpleTest -->
        <test-method is-config="true" signature="afterTest()[pri:0, instance:Nationality.selegrid@5939a379]" started-at="2019-07-28T10:51:25Z" name="afterTest" finished-at="2019-07-28T10:51:28Z" duration-ms="3240" status="PASS">
          <reporter-output>
          </reporter-output>
        </test-method> <!-- afterTest -->
      </class> <!-- Nationality.selegrid -->
    </test> <!-- Default test -->
  </suite> <!-- Default suite -->
</testng-results>
