<?xml version="1.0" encoding="UTF-8"?>
<!-- Generated by org.testng.reporters.JUnitXMLReporter -->
<testsuite ignored="0" hostname="Atyam" failures="0" tests="4" name="Test" time="15.654" errors="0" timestamp="21 Jul 2019 10:32:16 GMT">
  <testcase classname="Nationality.Priority2" name="Method4" time="7.571"/>
  <testcase classname="Nationality.Priority2" name="Method1" time="1.942"/>
  <testcase classname="Nationality.Priority2" name="Method2" time="2.196"/>
  <testcase classname="Nationality.Priority2" name="Method3" time="3.878"/>
</testsuite> <!-- Test -->
