<?xml version="1.0" encoding="UTF-8"?>
<!-- Generated by org.testng.reporters.JUnitXMLReporter -->
<testsuite ignored="0" hostname="admin-PC" failures="0" tests="3" name="Test2" time="105.55" errors="0" timestamp="15 Jul 2019 15:34:30 GMT">
  <testcase classname="Nationality.Qua_Skills" name="Qua_Skills_call_allmethods" time="84.49"/>
  <testcase classname="Nationality.Qua_Skills" name="Qua_Skills_call_allmethods" time="6.356"/>
  <testcase classname="Nationality.Qua_Skills" name="Qua_Skills_call_allmethods" time="4.556"/>
</testsuite> <!-- Test2 -->
